<?xml version="1.0" encoding="UTF-8"?>
<!-- Generated by org.testng.reporters.JUnitReportReporter -->
<testsuite skipped="0" hostname="DESKTOP-9U2QFOR" name="cucumber.Option.CucumberRunnerClass" tests="3" failures="0" timestamp="2022-02-02T18:31:10 IST" time="13.333" errors="0">
  <testcase name="runScenario" time="2.541" classname="cucumber.Option.CucumberRunnerClass"/>
  <system-out/>
  <testcase name="runScenario" time="8.134" classname="cucumber.Option.CucumberRunnerClass"/>
  <system-out/>
  <testcase name="runScenario" time="2.658" classname="cucumber.Option.CucumberRunnerClass"/>
  <system-out/>
</testsuite> <!-- cucumber.Option.CucumberRunnerClass -->
