<?xml version="1.0" encoding="UTF-8"?>
<!-- Generated by org.testng.reporters.JUnitReportReporter -->
<testsuite skipped="0" hostname="DESKTOP-9U2QFOR" name="Runner.CucumberRunnerClass" tests="3" failures="0" timestamp="2022-01-26T19:40:47 IST" time="10.061" errors="0">
  <testcase name="runScenario" time="2.740" classname="Runner.CucumberRunnerClass"/>
  <system-out/>
  <testcase name="runScenario" time="4.666" classname="Runner.CucumberRunnerClass"/>
  <system-out/>
  <testcase name="runScenario" time="2.655" classname="Runner.CucumberRunnerClass"/>
  <system-out/>
</testsuite> <!-- Runner.CucumberRunnerClass -->
